C:\_dev_\V\Game-Development\VRPE\VRPE\Debug\Temp\cl.command.1.tlog
C:\_dev_\V\Game-Development\VRPE\VRPE\Debug\Temp\CL.read.1.tlog
C:\_dev_\V\Game-Development\VRPE\VRPE\Debug\Temp\CL.write.1.tlog
C:\_DEV_\V\GAME-DEVELOPMENT\VRPE\VRPE\DEBUG\TEMP\KPAPI.OBJ
C:\_DEV_\V\GAME-DEVELOPMENT\VRPE\VRPE\DEBUG\TEMP\KPCOMPONENT.OBJ
C:\_DEV_\V\GAME-DEVELOPMENT\VRPE\VRPE\DEBUG\TEMP\KPCORE.OBJ
C:\_DEV_\V\GAME-DEVELOPMENT\VRPE\VRPE\DEBUG\TEMP\KPENGINE.OBJ
C:\_DEV_\V\GAME-DEVELOPMENT\VRPE\VRPE\DEBUG\TEMP\KPKERNEL.OBJ
C:\_DEV_\V\GAME-DEVELOPMENT\VRPE\VRPE\DEBUG\TEMP\KPMATRIX4F.OBJ
C:\_DEV_\V\GAME-DEVELOPMENT\VRPE\VRPE\DEBUG\TEMP\KPQUATERNION.OBJ
C:\_DEV_\V\GAME-DEVELOPMENT\VRPE\VRPE\DEBUG\TEMP\KPSCRIPT.OBJ
C:\_DEV_\V\GAME-DEVELOPMENT\VRPE\VRPE\DEBUG\TEMP\KPSTRUCTURE.OBJ
C:\_DEV_\V\GAME-DEVELOPMENT\VRPE\VRPE\DEBUG\TEMP\KPTRANSFORM.OBJ
C:\_DEV_\V\GAME-DEVELOPMENT\VRPE\VRPE\DEBUG\TEMP\KPVECTOR3F.OBJ
C:\_DEV_\V\GAME-DEVELOPMENT\VRPE\VRPE\DEBUG\TEMP\LAPI.OBJ
C:\_DEV_\V\GAME-DEVELOPMENT\VRPE\VRPE\DEBUG\TEMP\LAUXLIB.OBJ
C:\_DEV_\V\GAME-DEVELOPMENT\VRPE\VRPE\DEBUG\TEMP\LBASELIB.OBJ
C:\_DEV_\V\GAME-DEVELOPMENT\VRPE\VRPE\DEBUG\TEMP\LBITLIB.OBJ
C:\_DEV_\V\GAME-DEVELOPMENT\VRPE\VRPE\DEBUG\TEMP\LCODE.OBJ
C:\_DEV_\V\GAME-DEVELOPMENT\VRPE\VRPE\DEBUG\TEMP\LCOROLIB.OBJ
C:\_DEV_\V\GAME-DEVELOPMENT\VRPE\VRPE\DEBUG\TEMP\LCTYPE.OBJ
C:\_DEV_\V\GAME-DEVELOPMENT\VRPE\VRPE\DEBUG\TEMP\LDBLIB.OBJ
C:\_DEV_\V\GAME-DEVELOPMENT\VRPE\VRPE\DEBUG\TEMP\LDEBUG.OBJ
C:\_DEV_\V\GAME-DEVELOPMENT\VRPE\VRPE\DEBUG\TEMP\LDO.OBJ
C:\_DEV_\V\GAME-DEVELOPMENT\VRPE\VRPE\DEBUG\TEMP\LDUMP.OBJ
C:\_DEV_\V\GAME-DEVELOPMENT\VRPE\VRPE\DEBUG\TEMP\LFUNC.OBJ
C:\_DEV_\V\GAME-DEVELOPMENT\VRPE\VRPE\DEBUG\TEMP\LGC.OBJ
C:\_DEV_\V\GAME-DEVELOPMENT\VRPE\VRPE\DEBUG\TEMP\LINIT.OBJ
C:\_dev_\V\Game-Development\VRPE\VRPE\Debug\Temp\link.command.1.tlog
C:\_dev_\V\Game-Development\VRPE\VRPE\Debug\Temp\link.read.1.tlog
C:\_dev_\V\Game-Development\VRPE\VRPE\Debug\Temp\link.write.1.tlog
C:\_DEV_\V\GAME-DEVELOPMENT\VRPE\VRPE\DEBUG\TEMP\LIOLIB.OBJ
C:\_DEV_\V\GAME-DEVELOPMENT\VRPE\VRPE\DEBUG\TEMP\LLEX.OBJ
C:\_DEV_\V\GAME-DEVELOPMENT\VRPE\VRPE\DEBUG\TEMP\LMATHLIB.OBJ
C:\_DEV_\V\GAME-DEVELOPMENT\VRPE\VRPE\DEBUG\TEMP\LMEM.OBJ
C:\_DEV_\V\GAME-DEVELOPMENT\VRPE\VRPE\DEBUG\TEMP\LOADLIB.OBJ
C:\_DEV_\V\GAME-DEVELOPMENT\VRPE\VRPE\DEBUG\TEMP\LOBJECT.OBJ
C:\_DEV_\V\GAME-DEVELOPMENT\VRPE\VRPE\DEBUG\TEMP\LOPCODES.OBJ
C:\_DEV_\V\GAME-DEVELOPMENT\VRPE\VRPE\DEBUG\TEMP\LOSLIB.OBJ
C:\_DEV_\V\GAME-DEVELOPMENT\VRPE\VRPE\DEBUG\TEMP\LPARSER.OBJ
C:\_DEV_\V\GAME-DEVELOPMENT\VRPE\VRPE\DEBUG\TEMP\LSTATE.OBJ
C:\_DEV_\V\GAME-DEVELOPMENT\VRPE\VRPE\DEBUG\TEMP\LSTRING.OBJ
C:\_DEV_\V\GAME-DEVELOPMENT\VRPE\VRPE\DEBUG\TEMP\LSTRLIB.OBJ
C:\_DEV_\V\GAME-DEVELOPMENT\VRPE\VRPE\DEBUG\TEMP\LTABLE.OBJ
C:\_DEV_\V\GAME-DEVELOPMENT\VRPE\VRPE\DEBUG\TEMP\LTABLIB.OBJ
C:\_DEV_\V\GAME-DEVELOPMENT\VRPE\VRPE\DEBUG\TEMP\LTM.OBJ
C:\_DEV_\V\GAME-DEVELOPMENT\VRPE\VRPE\DEBUG\TEMP\LUNDUMP.OBJ
C:\_DEV_\V\GAME-DEVELOPMENT\VRPE\VRPE\DEBUG\TEMP\LVM.OBJ
C:\_DEV_\V\GAME-DEVELOPMENT\VRPE\VRPE\DEBUG\TEMP\LZIO.OBJ
C:\_dev_\V\Game-Development\VRPE\VRPE\Debug\Temp\mt.command.1.tlog
C:\_dev_\V\Game-Development\VRPE\VRPE\Debug\Temp\mt.read.1.tlog
C:\_dev_\V\Game-Development\VRPE\VRPE\Debug\Temp\mt.write.1.tlog
C:\_dev_\V\Game-Development\VRPE\VRPE\Debug\Temp\vc100.idb
C:\_DEV_\V\GAME-DEVELOPMENT\VRPE\VRPE\DEBUG\TEMP\VC100.PDB
C:\_DEV_\V\GAME-DEVELOPMENT\VRPE\VRPE\DEBUG\TEMP\VRPE.DLL.INTERMEDIATE.MANIFEST
C:\_dev_\V\Game-Development\VRPE\VRPE\Debug\Temp\VRPE.vcxprojResolveAssemblyReference.cache
C:\_dev_\V\Game-Development\VRPE\VRPE\Debug\Temp\VRPE.write.1.tlog
C:\_DEV_\V\GAME-DEVELOPMENT\VRPE\VRPE\DEBUG\VRPE.DLL
C:\_dev_\V\Game-Development\VRPE\VRPE\Debug\VRPE.exp
C:\_dev_\V\Game-Development\VRPE\VRPE\Debug\VRPE.lib
C:\_DEV_\V\GAME-DEVELOPMENT\VRPE\VRPE\DEBUG\VRPE.PDB
