C:\_DEV_\V\VRPE\DEBUG\VRPE.EXE
C:\_DEV_\V\VRPE\DEBUG\VRPE.PDB
C:\_dev_\V\VRPE\VRPE\Debug\cl.command.1.tlog
C:\_dev_\V\VRPE\VRPE\Debug\CL.read.1.tlog
C:\_dev_\V\VRPE\VRPE\Debug\CL.write.1.tlog
C:\_dev_\V\VRPE\VRPE\Debug\link.command.1.tlog
C:\_dev_\V\VRPE\VRPE\Debug\link.read.1.tlog
C:\_dev_\V\VRPE\VRPE\Debug\link.write.1.tlog
C:\_DEV_\V\VRPE\VRPE\DEBUG\MAIN.OBJ
C:\_dev_\V\VRPE\VRPE\Debug\mt.command.1.tlog
C:\_dev_\V\VRPE\VRPE\Debug\mt.read.1.tlog
C:\_dev_\V\VRPE\VRPE\Debug\mt.write.1.tlog
C:\_dev_\V\VRPE\VRPE\Debug\rc.command.1.tlog
C:\_dev_\V\VRPE\VRPE\Debug\rc.read.1.tlog
C:\_dev_\V\VRPE\VRPE\Debug\rc.write.1.tlog
C:\_dev_\V\VRPE\VRPE\Debug\vc100.idb
C:\_DEV_\V\VRPE\VRPE\DEBUG\VC100.PDB
C:\_dev_\V\VRPE\VRPE\Debug\VRPE.exe.embed.manifest
C:\_DEV_\V\VRPE\VRPE\DEBUG\VRPE.EXE.EMBED.MANIFEST.RES
C:\_DEV_\V\VRPE\VRPE\DEBUG\VRPE.EXE.INTERMEDIATE.MANIFEST
C:\_DEV_\V\VRPE\VRPE\DEBUG\VRPE.OBJ
C:\_dev_\V\VRPE\VRPE\Debug\VRPE.vcxprojResolveAssemblyReference.cache
C:\_dev_\V\VRPE\VRPE\Debug\VRPE.write.1.tlog
C:\_dev_\V\VRPE\VRPE\Debug\VRPE_manifest.rc
